<?xml version="1.0" encoding="UTF-8"?>
<!-- Generated by org.testng.reporters.JUnitReportReporter -->
<testsuite hostname="DESKTOP-KHNG0OE" failures="0" tests="1" name="tests.AmazonTest" time="36.525" errors="0" timestamp="2025-10-07T17:58:15 IST" skipped="0">
  <testcase classname="tests.AmazonTest" name="testSearchMultipleProducts" time="36.525"/>
</testsuite> <!-- tests.AmazonTest -->
